<?xml version="1.0" encoding="UTF-8"?>
<testsuite xmlns:xsi="http://www.w3.org/2001/XMLSchema-instance" xsi:noNamespaceSchemaLocation="https://maven.apache.org/surefire/maven-surefire-plugin/xsd/surefire-test-report.xsd" name="SJFSchedulerTest" time="0.017" tests="6" errors="0" skipped="0" failures="0">
  <properties>
[...]
</properties>
  <testcase name="testSJFScheduler{SJFTestCase}[1]" classname="SJFSchedulerTest" time="0.005"/>
  <testcase name="testSJFScheduler{SJFTestCase}[2]" classname="SJFSchedulerTest" time="0.001"/>
  <testcase name="testSJFScheduler{SJFTestCase}[3]" classname="SJFSchedulerTest" time="0.001"/>
  <testcase name="testSJFScheduler{SJFTestCase}[4]" classname="SJFSchedulerTest" time="0.001"/>
  <testcase name="testSJFScheduler{SJFTestCase}[5]" classname="SJFSchedulerTest" time="0.001"/>
  <testcase name="testSJFScheduler{SJFTestCase}[6]" classname="SJFSchedulerTest" time="0.001"/>
</testsuite>