<?xml version="1.0" encoding="UTF-8"?>
<testsuite xmlns:xsi="http://www.w3.org/2001/XMLSchema-instance" xsi:noNamespaceSchemaLocation="https://maven.apache.org/surefire/maven-surefire-plugin/xsd/surefire-test-report.xsd" name="AGSchedulerTest" time="0.08" tests="6" errors="0" skipped="0" failures="0">
  <properties>
[...]
</properties>
  <testcase name="testAGScheduler{AGTestCase}[1]" classname="AGSchedulerTest" time="0.033"/>
  <testcase name="testAGScheduler{AGTestCase}[2]" classname="AGSchedulerTest" time="0.001"/>
  <testcase name="testAGScheduler{AGTestCase}[3]" classname="AGSchedulerTest" time="0"/>
  <testcase name="testAGScheduler{AGTestCase}[4]" classname="AGSchedulerTest" time="0.001"/>
  <testcase name="testAGScheduler{AGTestCase}[5]" classname="AGSchedulerTest" time="0.002"/>
  <testcase name="testAGScheduler{AGTestCase}[6]" classname="AGSchedulerTest" time="0.002"/>
</testsuite>